<?xml version="1.0" encoding="UTF-8"?>
<testng-results ignored="0" total="3" passed="3" failed="0" skipped="0">
  <reporter-output>
  </reporter-output>
  <suite started-at="2023-09-17T15:24:01 IST" name="Default suite" finished-at="2023-09-17T15:24:05 IST" duration-ms="4372">
    <groups>
    </groups>
    <test started-at="2023-09-17T15:24:01 IST" name="Default test" finished-at="2023-09-17T15:24:05 IST" duration-ms="4372">
      <class name="Amazon.Login">
        <test-method is-config="true" signature="setup()[pri:0, instance:Amazon.Login@1a75e76a]" started-at="2023-09-17T15:23:58 IST" name="setup" finished-at="2023-09-17T15:24:01 IST" duration-ms="3280" status="PASS">
          <reporter-output>
          </reporter-output>
        </test-method> <!-- setup -->
        <test-method signature="openApp()[pri:1, instance:Amazon.Login@1a75e76a]" started-at="2023-09-17T15:24:01 IST" name="openApp" finished-at="2023-09-17T15:24:02 IST" duration-ms="1010" status="PASS">
          <reporter-output>
          </reporter-output>
        </test-method> <!-- openApp -->
        <test-method signature="handleCaptcha()[pri:2, instance:Amazon.Login@1a75e76a]" started-at="2023-09-17T15:24:02 IST" name="handleCaptcha" finished-at="2023-09-17T15:24:02 IST" duration-ms="74" status="PASS">
          <reporter-output>
          </reporter-output>
        </test-method> <!-- handleCaptcha -->
        <test-method signature="login()[pri:3, instance:Amazon.Login@1a75e76a]" started-at="2023-09-17T15:24:02 IST" name="login" finished-at="2023-09-17T15:24:05 IST" duration-ms="2614" status="PASS">
          <reporter-output>
          </reporter-output>
        </test-method> <!-- login -->
        <test-method is-config="true" signature="teardown()[pri:0, instance:Amazon.Login@1a75e76a]" started-at="2023-09-17T15:24:05 IST" name="teardown" finished-at="2023-09-17T15:24:05 IST" duration-ms="609" status="PASS">
          <reporter-output>
          </reporter-output>
        </test-method> <!-- teardown -->
      </class> <!-- Amazon.Login -->
    </test> <!-- Default test -->
  </suite> <!-- Default suite -->
</testng-results>
